<?xml version="1.0" encoding="UTF-8"?>
<testsuite xmlns:xsi="http://www.w3.org/2001/XMLSchema-instance" xsi:noNamespaceSchemaLocation="https://maven.apache.org/surefire/maven-surefire-plugin/xsd/surefire-test-report-3.0.xsd" version="3.0" name="com.fuyu.test.BrandTest" time="2.628" tests="1" errors="0" skipped="0" failures="0">
  <properties>
    <property name="sun.desktop" value="windows"/>
    <property name="awt.toolkit" value="sun.awt.windows.WToolkit"/>
    <property name="file.encoding.pkg" value="sun.io"/>
    <property name="java.specification.version" value="1.8"/>
    <property name="sun.cpu.isalist" value="amd64"/>
    <property name="sun.jnu.encoding" value="GBK"/>
    <property name="java.class.path" value="D:\apache-maven-3.9.1\boot\plexus-classworlds-2.6.0.jar;D:\apache-maven-3.9.1\boot\plexus-classworlds.license;D:\IntelliJ IDEA 2022.1.2\lib\idea_rt.jar;C:\Users\26286\AppData\Local\JetBrains\IntelliJIdea2022.1\captureAgent\debugger-agent.jar"/>
    <property name="forkCount" value="0"/>
    <property name="java.vm.vendor" value="Oracle Corporation"/>
    <property name="sun.arch.data.model" value="64"/>
    <property name="user.variant" value=""/>
    <property name="java.vendor.url" value="http://java.oracle.com/"/>
    <property name="user.timezone" value="Asia/Shanghai"/>
    <property name="maven.conf" value="D:\apache-maven-3.9.1/conf"/>
    <property name="os.name" value="Windows 10"/>
    <property name="java.vm.specification.version" value="1.8"/>
    <property name="user.country" value="CN"/>
    <property name="sun.java.launcher" value="SUN_STANDARD"/>
    <property name="sun.boot.library.path" value="D:\java\jdk-1.8\jre\bin"/>
    <property name="sun.java.command" value="org.codehaus.classworlds.Launcher -Didea.version=2022.1.2 -s D:\apache-maven-3.9.1\conf\settings.xml -Dtest=com.fuyu.test.BrandTest#testSelectBrandById test-compile surefire:test -DforkCount=0 -DreuseForks=false"/>
    <property name="maven.home" value="D:\apache-maven-3.9.1"/>
    <property name="test" value="com.fuyu.test.BrandTest#testSelectBrandById"/>
    <property name="surefire.test.class.path" value="D:\java\Mybatis\Demo12\target\test-classes;D:\java\Mybatis\Demo12\target\classes;D:\apache-maven-3.9.1\mvn_resp\org\mybatis\mybatis\3.5.5\mybatis-3.5.5.jar;D:\apache-maven-3.9.1\mvn_resp\mysql\mysql-connector-java\5.1.46\mysql-connector-java-5.1.46.jar;D:\apache-maven-3.9.1\mvn_resp\junit\junit\4.13\junit-4.13.jar;D:\apache-maven-3.9.1\mvn_resp\org\hamcrest\hamcrest-core\1.3\hamcrest-core-1.3.jar;D:\apache-maven-3.9.1\mvn_resp\org\slf4j\slf4j-api\1.7.20\slf4j-api-1.7.20.jar;D:\apache-maven-3.9.1\mvn_resp\ch\qos\logback\logback-classic\1.2.3\logback-classic-1.2.3.jar;D:\apache-maven-3.9.1\mvn_resp\ch\qos\logback\logback-core\1.2.3\logback-core-1.2.3.jar;"/>
    <property name="sun.cpu.endian" value="little"/>
    <property name="user.home" value="C:\Users\26286"/>
    <property name="user.language" value="zh"/>
    <property name="java.specification.vendor" value="Oracle Corporation"/>
    <property name="java.home" value="D:\java\jdk-1.8\jre"/>
    <property name="reuseForks" value="false"/>
    <property name="basedir" value="D:\java\Mybatis\Demo12"/>
    <property name="file.separator" value="\"/>
    <property name="line.separator" value="&#10;"/>
    <property name="intellij.debug.agent" value="true"/>
    <property name="java.vm.specification.vendor" value="Oracle Corporation"/>
    <property name="java.specification.name" value="Java Platform API Specification"/>
    <property name="java.awt.graphicsenv" value="sun.awt.Win32GraphicsEnvironment"/>
    <property name="sun.boot.class.path" value="D:\java\jdk-1.8\jre\lib\resources.jar;D:\java\jdk-1.8\jre\lib\rt.jar;D:\java\jdk-1.8\jre\lib\jsse.jar;D:\java\jdk-1.8\jre\lib\jce.jar;D:\java\jdk-1.8\jre\lib\charsets.jar;D:\java\jdk-1.8\jre\lib\jfr.jar;D:\java\jdk-1.8\jre\classes;C:\Users\26286\AppData\Local\JetBrains\IntelliJIdea2022.1\captureAgent\debugger-agent.jar"/>
    <property name="user.script" value=""/>
    <property name="sun.management.compiler" value="HotSpot 64-Bit Tiered Compilers"/>
    <property name="java.runtime.version" value="1.8.0_371-b11"/>
    <property name="user.name" value="26286"/>
    <property name="path.separator" value=";"/>
    <property name="os.version" value="10.0"/>
    <property name="java.endorsed.dirs" value="D:\java\jdk-1.8\jre\lib\endorsed"/>
    <property name="java.runtime.name" value="Java(TM) SE Runtime Environment"/>
    <property name="file.encoding" value="UTF-8"/>
    <property name="guice.disable.misplaced.annotation.check" value="true"/>
    <property name="java.vm.name" value="Java HotSpot(TM) 64-Bit Server VM"/>
    <property name="maven.ext.class.path" value="D:\IntelliJ IDEA 2022.1.2\plugins\maven\lib\maven-event-listener.jar"/>
    <property name="localRepository" value="D:\apache-maven-3.9.1\mvn_resp"/>
    <property name="java.vendor.url.bug" value="http://bugreport.sun.com/bugreport/"/>
    <property name="java.io.tmpdir" value="C:\Users\26286\AppData\Local\Temp\"/>
    <property name="idea.version" value="2022.1.2"/>
    <property name="jboss.modules.system.pkgs" value="com.intellij.rt"/>
    <property name="java.version" value="1.8.0_371"/>
    <property name="user.dir" value="D:\java\Mybatis\Demo12"/>
    <property name="os.arch" value="amd64"/>
    <property name="maven.multiModuleProjectDirectory" value="D:\java\Mybatis\Demo12"/>
    <property name="java.vm.specification.name" value="Java Virtual Machine Specification"/>
    <property name="java.awt.printerjob" value="sun.awt.windows.WPrinterJob"/>
    <property name="sun.os.patch.level" value=""/>
    <property name="java.library.path" value="D:\java\jdk-1.8\bin;C:\Windows\Sun\Java\bin;C:\Windows\system32;C:\Windows;C:\Program Files\Common Files\Oracle\Java\javapath;C:\Program Files (x86)\Common Files\Oracle\Java\javapath;D:\VMware\VMware Workstation\bin\;D:\mingw\bin;C:\Windows\system32;C:\Windows;C:\Windows\System32\Wbem;C:\Windows\System32\WindowsPowerShell\v1.0\;C:\Windows\System32\OpenSSH\;C:\Program Files (x86)\Windows Kits\8.1\Windows Performance Toolkit\;D:\Git\cmd;D:\Qt\Qt5.14.2\5.14.2\mingw73_32\bin;D:\MySQL\MySQL Server 5.5\bin;D:\golandProject\bin;D:\protoc-21.5-win64\bin;C:\Windows\System32\cmd.exe;D:\consul\consul1.10.10;C:\Program Files\Docker\Docker\resources\bin;C:\ProgramData\DockerDesktop\version-bin;D:\GOSDK_zip\go1.18.5\bin;D:\Redis_windows;C:\Program Files (x86)\NetSarang\Xshell 7\;C:\Program Files\wkhtmltopdf\bin;C:\Program Files\wkhtmltopdf;C:\Program Files\MySQL\MySQL Server 8.0\bin;% MAVEN_HOME%\bin;D:\apache-maven-3.9.1\bin;C:\Program Files\MySQL\MySQL Shell 8.0\bin\;D:\anaconda3;D:\anaconda3\Library\mingw-w64\bin;D:\anaconda3\Library\usr\bin;D:\anaconda3\Library\bin;D:\anaconda3\Scripts;D:\Python\Python310\Scripts\;D:\Python\Python310\;C:\Users\26286\AppData\Local\Microsoft\WindowsApps;D:\GoSDK\go1.15.15\bin;D:\PyCharm Community Edition 2022.2\bin;;D:\IntelliJ IDEA 2022.1.2\bin;;C:\Users\26286\AppData\Local\Programs\Microsoft VS Code\bin;D:\GoLand 2022.2.2\bin;;D:\Fiddler;."/>
    <property name="java.vm.info" value="mixed mode"/>
    <property name="java.vendor" value="Oracle Corporation"/>
    <property name="java.vm.version" value="25.371-b11"/>
    <property name="classworlds.conf" value="D:\apache-maven-3.9.1\bin\m2.conf"/>
    <property name="java.specification.maintenance.version" value="4"/>
    <property name="java.ext.dirs" value="D:\java\jdk-1.8\jre\lib\ext;C:\Windows\Sun\Java\lib\ext"/>
    <property name="sun.io.unicode.encoding" value="UnicodeLittle"/>
    <property name="java.class.version" value="52.0"/>
  </properties>
  <testcase name="testSelectBrandById" classname="com.fuyu.test.BrandTest" time="2.55">
    <system-out><![CDATA[[DEBUG]  &amp#27;[36m[main]&amp#27;[0;39m &amp#27;[1;32mo.a.i.l.LogFactory&amp#27;[0;39m - Logging initialized using 'class org.apache.ibatis.logging.slf4j.Slf4jImpl' adapter. 
[DEBUG]  &amp#27;[36m[main]&amp#27;[0;39m &amp#27;[1;32mo.a.i.io.VFS&amp#27;[0;39m - Class not found: org.jboss.vfs.VFS 
[DEBUG]  &amp#27;[36m[main]&amp#27;[0;39m &amp#27;[1;32mo.a.i.i.JBoss6VFS&amp#27;[0;39m - JBoss 6 VFS API is not available in this environment. 
[DEBUG]  &amp#27;[36m[main]&amp#27;[0;39m &amp#27;[1;32mo.a.i.io.VFS&amp#27;[0;39m - Class not found: org.jboss.vfs.VirtualFile 
[DEBUG]  &amp#27;[36m[main]&amp#27;[0;39m &amp#27;[1;32mo.a.i.io.VFS&amp#27;[0;39m - VFS implementation org.apache.ibatis.io.JBoss6VFS is not valid in this environment. 
[DEBUG]  &amp#27;[36m[main]&amp#27;[0;39m &amp#27;[1;32mo.a.i.io.VFS&amp#27;[0;39m - Using VFS adapter org.apache.ibatis.io.DefaultVFS 
[DEBUG]  &amp#27;[36m[main]&amp#27;[0;39m &amp#27;[1;32mo.a.i.i.DefaultVFS&amp#27;[0;39m - Find JAR URL: file:/D:/java/Mybatis/Demo12/target/classes/com/fuyu/pojo 
[DEBUG]  &amp#27;[36m[main]&amp#27;[0;39m &amp#27;[1;32mo.a.i.i.DefaultVFS&amp#27;[0;39m - Not a JAR: file:/D:/java/Mybatis/Demo12/target/classes/com/fuyu/pojo 
[DEBUG]  &amp#27;[36m[main]&amp#27;[0;39m &amp#27;[1;32mo.a.i.i.DefaultVFS&amp#27;[0;39m - Reader entry: Brand.class 
[DEBUG]  &amp#27;[36m[main]&amp#27;[0;39m &amp#27;[1;32mo.a.i.i.DefaultVFS&amp#27;[0;39m - Reader entry: demo.class 
[DEBUG]  &amp#27;[36m[main]&amp#27;[0;39m &amp#27;[1;32mo.a.i.i.DefaultVFS&amp#27;[0;39m - Reader entry: User.class 
[DEBUG]  &amp#27;[36m[main]&amp#27;[0;39m &amp#27;[1;32mo.a.i.i.DefaultVFS&amp#27;[0;39m - Listing file:/D:/java/Mybatis/Demo12/target/classes/com/fuyu/pojo 
[DEBUG]  &amp#27;[36m[main]&amp#27;[0;39m &amp#27;[1;32mo.a.i.i.DefaultVFS&amp#27;[0;39m - Find JAR URL: file:/D:/java/Mybatis/Demo12/target/classes/com/fuyu/pojo/Brand.class 
[DEBUG]  &amp#27;[36m[main]&amp#27;[0;39m &amp#27;[1;32mo.a.i.i.DefaultVFS&amp#27;[0;39m - Not a JAR: file:/D:/java/Mybatis/Demo12/target/classes/com/fuyu/pojo/Brand.class 
[DEBUG]  &amp#27;[36m[main]&amp#27;[0;39m &amp#27;[1;32mo.a.i.i.DefaultVFS&amp#27;[0;39m - Reader entry: ����&amp#0;&amp#0;&amp#0;3&amp#0;P 
[DEBUG]  &amp#27;[36m[main]&amp#27;[0;39m &amp#27;[1;32mo.a.i.i.DefaultVFS&amp#27;[0;39m - Find JAR URL: file:/D:/java/Mybatis/Demo12/target/classes/com/fuyu/pojo/demo.class 
[DEBUG]  &amp#27;[36m[main]&amp#27;[0;39m &amp#27;[1;32mo.a.i.i.DefaultVFS&amp#27;[0;39m - Not a JAR: file:/D:/java/Mybatis/Demo12/target/classes/com/fuyu/pojo/demo.class 
[DEBUG]  &amp#27;[36m[main]&amp#27;[0;39m &amp#27;[1;32mo.a.i.i.DefaultVFS&amp#27;[0;39m - Reader entry: ����&amp#0;&amp#0;&amp#0;3&amp#0;U 
[DEBUG]  &amp#27;[36m[main]&amp#27;[0;39m &amp#27;[1;32mo.a.i.i.DefaultVFS&amp#27;[0;39m - Find JAR URL: file:/D:/java/Mybatis/Demo12/target/classes/com/fuyu/pojo/User.class 
[DEBUG]  &amp#27;[36m[main]&amp#27;[0;39m &amp#27;[1;32mo.a.i.i.DefaultVFS&amp#27;[0;39m - Not a JAR: file:/D:/java/Mybatis/Demo12/target/classes/com/fuyu/pojo/User.class 
[DEBUG]  &amp#27;[36m[main]&amp#27;[0;39m &amp#27;[1;32mo.a.i.i.DefaultVFS&amp#27;[0;39m - Reader entry: ����&amp#0;&amp#0;&amp#0;3&amp#0;I 
[DEBUG]  &amp#27;[36m[main]&amp#27;[0;39m &amp#27;[1;32mo.a.i.i.ResolverUtil&amp#27;[0;39m - Checking to see if class com.fuyu.pojo.Brand matches criteria [is assignable to Object] 
[DEBUG]  &amp#27;[36m[main]&amp#27;[0;39m &amp#27;[1;32mo.a.i.i.ResolverUtil&amp#27;[0;39m - Checking to see if class com.fuyu.pojo.demo matches criteria [is assignable to Object] 
[DEBUG]  &amp#27;[36m[main]&amp#27;[0;39m &amp#27;[1;32mo.a.i.i.ResolverUtil&amp#27;[0;39m - Checking to see if class com.fuyu.pojo.User matches criteria [is assignable to Object] 
[DEBUG]  &amp#27;[36m[main]&amp#27;[0;39m &amp#27;[1;32mo.a.i.d.p.PooledDataSource&amp#27;[0;39m - PooledDataSource forcefully closed/removed all connections. 
[DEBUG]  &amp#27;[36m[main]&amp#27;[0;39m &amp#27;[1;32mo.a.i.d.p.PooledDataSource&amp#27;[0;39m - PooledDataSource forcefully closed/removed all connections. 
[DEBUG]  &amp#27;[36m[main]&amp#27;[0;39m &amp#27;[1;32mo.a.i.d.p.PooledDataSource&amp#27;[0;39m - PooledDataSource forcefully closed/removed all connections. 
[DEBUG]  &amp#27;[36m[main]&amp#27;[0;39m &amp#27;[1;32mo.a.i.d.p.PooledDataSource&amp#27;[0;39m - PooledDataSource forcefully closed/removed all connections. 
[DEBUG]  &amp#27;[36m[main]&amp#27;[0;39m &amp#27;[1;32mo.a.i.i.DefaultVFS&amp#27;[0;39m - Find JAR URL: file:/D:/java/Mybatis/Demo12/target/classes/com/fuyu/mapper 
[DEBUG]  &amp#27;[36m[main]&amp#27;[0;39m &amp#27;[1;32mo.a.i.i.DefaultVFS&amp#27;[0;39m - Not a JAR: file:/D:/java/Mybatis/Demo12/target/classes/com/fuyu/mapper 
[DEBUG]  &amp#27;[36m[main]&amp#27;[0;39m &amp#27;[1;32mo.a.i.i.DefaultVFS&amp#27;[0;39m - Reader entry: BrandMapper.class 
[DEBUG]  &amp#27;[36m[main]&amp#27;[0;39m &amp#27;[1;32mo.a.i.i.DefaultVFS&amp#27;[0;39m - Reader entry: BrandMapper.xml 
[DEBUG]  &amp#27;[36m[main]&amp#27;[0;39m &amp#27;[1;32mo.a.i.i.DefaultVFS&amp#27;[0;39m - Reader entry: UserMapper.class 
[DEBUG]  &amp#27;[36m[main]&amp#27;[0;39m &amp#27;[1;32mo.a.i.i.DefaultVFS&amp#27;[0;39m - Reader entry: userMapper.xml 
[DEBUG]  &amp#27;[36m[main]&amp#27;[0;39m &amp#27;[1;32mo.a.i.i.DefaultVFS&amp#27;[0;39m - Listing file:/D:/java/Mybatis/Demo12/target/classes/com/fuyu/mapper 
[DEBUG]  &amp#27;[36m[main]&amp#27;[0;39m &amp#27;[1;32mo.a.i.i.DefaultVFS&amp#27;[0;39m - Find JAR URL: file:/D:/java/Mybatis/Demo12/target/classes/com/fuyu/mapper/BrandMapper.class 
[DEBUG]  &amp#27;[36m[main]&amp#27;[0;39m &amp#27;[1;32mo.a.i.i.DefaultVFS&amp#27;[0;39m - Not a JAR: file:/D:/java/Mybatis/Demo12/target/classes/com/fuyu/mapper/BrandMapper.class 
[DEBUG]  &amp#27;[36m[main]&amp#27;[0;39m &amp#27;[1;32mo.a.i.i.DefaultVFS&amp#27;[0;39m - Reader entry: ����&amp#0;&amp#0;&amp#0;3&amp#0;&amp#16;&amp#7;&amp#0;&amp#14;&amp#7;&amp#0;&amp#15;&amp#1;&amp#0;	selectAll&amp#1;&amp#0;&amp#18;()Ljava/util/List;&amp#1;&amp#0;	Signature&amp#1;&amp#0;)()Ljava/util/List<Lcom/fuyu/pojo/Brand;>;&amp#1;&amp#0;&amp#15;selectBranfById&amp#1;&amp#0;&amp#24;(I)Lcom/fuyu/pojo/Brand;&amp#1;&amp#0;&amp#17;selectByCondition&amp#1;&amp#0;!(Ljava/util/Map;)Ljava/util/List;&amp#1;&amp#0;8(Ljava/util/Map;)Ljava/util/List<Lcom/fuyu/pojo/Brand;>;&amp#1;&amp#0; 
[DEBUG]  &amp#27;[36m[main]&amp#27;[0;39m &amp#27;[1;32mo.a.i.i.DefaultVFS&amp#27;[0;39m - Find JAR URL: file:/D:/java/Mybatis/Demo12/target/classes/com/fuyu/mapper/BrandMapper.xml 
[DEBUG]  &amp#27;[36m[main]&amp#27;[0;39m &amp#27;[1;32mo.a.i.i.DefaultVFS&amp#27;[0;39m - Not a JAR: file:/D:/java/Mybatis/Demo12/target/classes/com/fuyu/mapper/BrandMapper.xml 
[DEBUG]  &amp#27;[36m[main]&amp#27;[0;39m &amp#27;[1;32mo.a.i.i.DefaultVFS&amp#27;[0;39m - Reader entry: <?xml version="1.0" encoding="UTF-8" ?> 
[DEBUG]  &amp#27;[36m[main]&amp#27;[0;39m &amp#27;[1;32mo.a.i.i.DefaultVFS&amp#27;[0;39m - Find JAR URL: file:/D:/java/Mybatis/Demo12/target/classes/com/fuyu/mapper/UserMapper.class 
[DEBUG]  &amp#27;[36m[main]&amp#27;[0;39m &amp#27;[1;32mo.a.i.i.DefaultVFS&amp#27;[0;39m - Not a JAR: file:/D:/java/Mybatis/Demo12/target/classes/com/fuyu/mapper/UserMapper.class 
[DEBUG]  &amp#27;[36m[main]&amp#27;[0;39m &amp#27;[1;32mo.a.i.i.DefaultVFS&amp#27;[0;39m - Reader entry: ����&amp#0;&amp#0;&amp#0;3&amp#0; 
[DEBUG]  &amp#27;[36m[main]&amp#27;[0;39m &amp#27;[1;32mo.a.i.i.DefaultVFS&amp#27;[0;39m - Find JAR URL: file:/D:/java/Mybatis/Demo12/target/classes/com/fuyu/mapper/userMapper.xml 
[DEBUG]  &amp#27;[36m[main]&amp#27;[0;39m &amp#27;[1;32mo.a.i.i.DefaultVFS&amp#27;[0;39m - Not a JAR: file:/D:/java/Mybatis/Demo12/target/classes/com/fuyu/mapper/userMapper.xml 
[DEBUG]  &amp#27;[36m[main]&amp#27;[0;39m &amp#27;[1;32mo.a.i.i.DefaultVFS&amp#27;[0;39m - Reader entry: <?xml version="1.0" encoding="UTF-8" ?> 
[DEBUG]  &amp#27;[36m[main]&amp#27;[0;39m &amp#27;[1;32mo.a.i.i.ResolverUtil&amp#27;[0;39m - Checking to see if class com.fuyu.mapper.BrandMapper matches criteria [is assignable to Object] 
[DEBUG]  &amp#27;[36m[main]&amp#27;[0;39m &amp#27;[1;32mo.a.i.i.ResolverUtil&amp#27;[0;39m - Checking to see if class com.fuyu.mapper.UserMapper matches criteria [is assignable to Object] 
[DEBUG]  &amp#27;[36m[main]&amp#27;[0;39m &amp#27;[1;32mo.a.i.t.j.JdbcTransaction&amp#27;[0;39m - Opening JDBC Connection 
[DEBUG]  &amp#27;[36m[main]&amp#27;[0;39m &amp#27;[1;32mo.a.i.d.p.PooledDataSource&amp#27;[0;39m - Created connection 995991728. 
[DEBUG]  &amp#27;[36m[main]&amp#27;[0;39m &amp#27;[1;32mo.a.i.t.j.JdbcTransaction&amp#27;[0;39m - Setting autocommit to false on JDBC Connection [com.mysql.jdbc.JDBC4Connection@3b5da0b0] 
[DEBUG]  &amp#27;[36m[main]&amp#27;[0;39m &amp#27;[1;32mc.f.m.B.selectBranfById&amp#27;[0;39m - ==>  Preparing: select * from tb_brand where id=?; 
[DEBUG]  &amp#27;[36m[main]&amp#27;[0;39m &amp#27;[1;32mc.f.m.B.selectBranfById&amp#27;[0;39m - ==> Parameters: 1(Integer) 
[DEBUG]  &amp#27;[36m[main]&amp#27;[0;39m &amp#27;[1;32mc.f.m.B.selectBranfById&amp#27;[0;39m - <==      Total: 1 
Brand{id=1, brandName='三只松鼠', companyName='三只松鼠股份有限公司', ordered=5, description='好吃不上火', status=0}
[DEBUG]  &amp#27;[36m[main]&amp#27;[0;39m &amp#27;[1;32mo.a.i.t.j.JdbcTransaction&amp#27;[0;39m - Resetting autocommit to true on JDBC Connection [com.mysql.jdbc.JDBC4Connection@3b5da0b0] 
[DEBUG]  &amp#27;[36m[main]&amp#27;[0;39m &amp#27;[1;32mo.a.i.t.j.JdbcTransaction&amp#27;[0;39m - Closing JDBC Connection [com.mysql.jdbc.JDBC4Connection@3b5da0b0] 
[DEBUG]  &amp#27;[36m[main]&amp#27;[0;39m &amp#27;[1;32mo.a.i.d.p.PooledDataSource&amp#27;[0;39m - Returned connection 995991728 to pool. 
]]></system-out>
  </testcase>
</testsuite>